TN:
SF:src/DotBots.js
FN:17,(anonymous_0)
FN:22,(anonymous_1)
FN:32,(anonymous_2)
FN:41,(anonymous_3)
FN:44,(anonymous_4)
FN:52,(anonymous_5)
FN:63,(anonymous_6)
FN:65,(anonymous_7)
FN:99,(anonymous_8)
FN:103,(anonymous_9)
FN:104,(anonymous_10)
FN:109,(anonymous_11)
FN:110,(anonymous_12)
FN:112,(anonymous_13)
FN:117,(anonymous_14)
FN:122,(anonymous_15)
FN:140,(anonymous_16)
FN:141,(anonymous_17)
FN:142,(anonymous_18)
FN:143,(anonymous_19)
FN:146,(anonymous_20)
FN:168,(anonymous_21)
FNF:22
FNH:14
FNDA:21,(anonymous_0)
FNDA:0,(anonymous_1)
FNDA:3,(anonymous_2)
FNDA:0,(anonymous_3)
FNDA:0,(anonymous_4)
FNDA:3,(anonymous_5)
FNDA:1,(anonymous_6)
FNDA:2,(anonymous_7)
FNDA:10,(anonymous_8)
FNDA:6,(anonymous_9)
FNDA:0,(anonymous_10)
FNDA:3,(anonymous_11)
FNDA:0,(anonymous_12)
FNDA:0,(anonymous_13)
FNDA:1,(anonymous_14)
FNDA:1,(anonymous_15)
FNDA:1,(anonymous_16)
FNDA:0,(anonymous_17)
FNDA:1,(anonymous_18)
FNDA:0,(anonymous_19)
FNDA:4,(anonymous_20)
FNDA:24,(anonymous_21)
DA:14,1
DA:15,1
DA:17,1
DA:19,21
DA:20,21
DA:22,21
DA:23,0
DA:24,0
DA:27,21
DA:28,21
DA:29,0
DA:32,21
DA:33,3
DA:34,0
DA:36,3
DA:40,3
DA:41,3
DA:42,0
DA:44,3
DA:45,0
DA:49,21
DA:52,3
DA:63,1
DA:65,2
DA:99,1
DA:100,10
DA:101,10
DA:103,10
DA:104,6
DA:105,6
DA:109,10
DA:110,3
DA:111,3
DA:112,3
DA:113,3
DA:117,10
DA:118,1
DA:119,1
DA:122,10
DA:123,1
DA:125,1
DA:126,1
DA:128,1
DA:129,0
DA:130,0
DA:131,0
DA:132,0
DA:133,0
DA:139,10
DA:140,1
DA:141,0
DA:142,1
DA:143,0
DA:146,10
DA:147,4
DA:148,1
DA:152,10
DA:168,24
LF:58
LH:45
BRDA:28,0,0,0
BRDA:28,0,1,21
BRDA:33,1,0,0
BRDA:33,1,1,3
BRDA:62,2,0,7
BRDA:62,2,1,14
BRDA:75,3,0,21
BRDA:75,3,1,21
BRDA:125,4,0,1
BRDA:125,4,1,0
BRDA:128,5,0,0
BRDA:128,5,1,1
BRDA:128,6,0,1
BRDA:128,6,1,0
BRDA:128,6,2,0
BRDA:131,7,0,0
BRDA:131,7,1,0
BRDA:147,8,0,1
BRDA:147,8,1,3
BRDA:160,9,0,10
BRDA:160,9,1,8
BRDA:160,9,2,8
BRDA:168,10,0,8
BRDA:168,10,1,8
BRF:24
BRH:16
end_of_record
TN:
SF:src/DotBotsMap.js
FN:15,(anonymous_0)
FN:34,(anonymous_1)
FN:40,(anonymous_2)
FN:41,(anonymous_3)
FN:47,(anonymous_4)
FN:54,(anonymous_5)
FN:64,(anonymous_6)
FN:68,(anonymous_7)
FN:72,(anonymous_8)
FN:113,(anonymous_9)
FN:114,(anonymous_10)
FN:119,(anonymous_11)
FN:120,(anonymous_12)
FNF:13
FNH:7
FNDA:14,(anonymous_0)
FNDA:7,(anonymous_1)
FNDA:1,(anonymous_2)
FNDA:0,(anonymous_3)
FNDA:0,(anonymous_4)
FNDA:0,(anonymous_5)
FNDA:0,(anonymous_6)
FNDA:2,(anonymous_7)
FNDA:2,(anonymous_8)
FNDA:21,(anonymous_9)
FNDA:14,(anonymous_10)
FNDA:0,(anonymous_11)
FNDA:0,(anonymous_12)
DA:8,1
DA:15,1
DA:16,14
DA:17,14
DA:18,0
DA:21,14
DA:22,14
DA:24,14
DA:34,1
DA:36,7
DA:37,7
DA:38,7
DA:40,7
DA:41,1
DA:42,1
DA:43,1
DA:47,7
DA:48,0
DA:49,0
DA:50,0
DA:51,0
DA:54,7
DA:55,0
DA:56,0
DA:57,0
DA:58,0
DA:59,0
DA:60,0
DA:64,7
DA:65,0
DA:68,7
DA:69,2
DA:70,1
DA:72,2
DA:73,0
DA:77,7
DA:78,7
DA:79,7
DA:80,0
DA:81,0
DA:82,7
DA:83,0
DA:84,0
DA:85,7
DA:86,5
DA:89,7
DA:90,7
DA:91,7
DA:93,7
DA:113,21
DA:114,14
DA:120,0
LF:52
LH:34
BRDA:17,0,0,0
BRDA:17,0,1,14
BRDA:26,1,0,14
BRDA:26,1,1,4
BRDA:29,2,0,4
BRDA:29,2,1,10
BRDA:55,3,0,0
BRDA:55,3,1,0
BRDA:58,4,0,0
BRDA:58,4,1,0
BRDA:69,5,0,1
BRDA:69,5,1,1
BRDA:72,6,0,0
BRDA:72,6,1,2
BRDA:79,7,0,0
BRDA:79,7,1,7
BRDA:82,8,0,0
BRDA:82,8,1,7
BRDA:85,9,0,5
BRDA:85,9,1,2
BRDA:94,10,0,7
BRDA:94,10,1,0
BRDA:94,11,0,7
BRDA:94,11,1,7
BRDA:112,12,0,7
BRDA:112,12,1,7
BRDA:117,13,0,7
BRDA:117,13,1,0
BRDA:120,14,0,0
BRDA:120,14,1,0
BRDA:134,15,0,7
BRDA:134,15,1,0
BRF:32
BRH:19
end_of_record
TN:
SF:src/Joystick.js
FN:14,(anonymous_0)
FN:17,(anonymous_1)
FN:19,(anonymous_2)
FN:29,(anonymous_3)
FN:33,(anonymous_4)
FN:71,(anonymous_5)
FN:73,(anonymous_6)
FNF:7
FNH:2
FNDA:22,(anonymous_0)
FNDA:4,(anonymous_1)
FNDA:0,(anonymous_2)
FNDA:0,(anonymous_3)
FNDA:0,(anonymous_4)
FNDA:0,(anonymous_5)
FNDA:0,(anonymous_6)
DA:11,2
DA:14,2
DA:15,22
DA:17,22
DA:19,22
DA:20,0
DA:21,0
DA:22,0
DA:24,0
DA:25,0
DA:26,0
DA:28,0
DA:29,0
DA:33,22
DA:34,0
DA:35,0
DA:37,0
DA:38,0
DA:41,0
DA:42,0
DA:44,0
DA:45,0
DA:47,0
DA:48,0
DA:50,0
DA:51,0
DA:55,0
DA:56,0
DA:58,0
DA:59,0
DA:61,0
DA:62,0
DA:64,0
DA:65,0
DA:68,0
DA:71,22
DA:72,0
DA:73,0
DA:76,22
LF:39
LH:8
BRDA:21,0,0,0
BRDA:21,0,1,0
BRDA:21,1,0,0
BRDA:21,1,1,0
BRDA:26,2,0,0
BRDA:26,2,1,0
BRDA:26,3,0,0
BRDA:26,3,1,0
BRDA:28,4,0,0
BRDA:28,4,1,0
BRDA:41,5,0,0
BRDA:41,5,1,0
BRDA:44,6,0,0
BRDA:44,6,1,0
BRDA:47,7,0,0
BRDA:47,7,1,0
BRDA:50,8,0,0
BRDA:50,8,1,0
BRDA:55,9,0,0
BRDA:55,9,1,0
BRDA:58,10,0,0
BRDA:58,10,1,0
BRDA:61,11,0,0
BRDA:61,11,1,0
BRDA:64,12,0,0
BRDA:64,12,1,0
BRDA:74,13,0,0
BRDA:74,13,1,22
BRF:28
BRH:1
end_of_record
TN:
SF:src/index.js
FNF:0
FNH:0
DA:9,0
DA:10,0
LF:2
LH:0
BRF:0
BRH:0
end_of_record
TN:
SF:src/rest.js
FN:3,(anonymous_0)
FN:11,(anonymous_1)
FN:14,(anonymous_2)
FN:17,(anonymous_3)
FN:20,(anonymous_4)
FN:23,(anonymous_5)
FN:26,(anonymous_6)
FN:29,(anonymous_7)
FN:38,(anonymous_8)
FN:47,(anonymous_9)
FN:50,(anonymous_10)
FN:53,(anonymous_11)
FN:59,(anonymous_12)
FNF:13
FNH:7
FNDA:6,(anonymous_0)
FNDA:3,(anonymous_1)
FNDA:3,(anonymous_2)
FNDA:0,(anonymous_3)
FNDA:0,(anonymous_4)
FNDA:3,(anonymous_5)
FNDA:3,(anonymous_6)
FNDA:0,(anonymous_7)
FNDA:0,(anonymous_8)
FNDA:1,(anonymous_9)
FNDA:1,(anonymous_10)
FNDA:0,(anonymous_11)
FNDA:0,(anonymous_12)
DA:3,2
DA:4,6
DA:11,2
DA:12,3
DA:14,3
DA:17,2
DA:18,0
DA:20,0
DA:23,2
DA:24,3
DA:26,3
DA:29,2
DA:30,0
DA:31,0
DA:38,2
DA:39,0
DA:40,0
DA:47,2
DA:48,1
DA:50,1
DA:53,2
DA:54,0
DA:59,2
DA:60,0
LF:24
LH:16
BRF:0
BRH:0
end_of_record
