{"/opt/actions-runner/_work/PyDotBot/PyDotBot/dotbot/frontend/src/DotBots.js": {"path":"/opt/actions-runner/_work/PyDotBot/PyDotBot/dotbot/frontend/src/DotBots.js","statementMap":{"0":{"start":{"line":14,"column":21},"end":{"line":14,"column":83}},"1":{"start":{"line":15,"column":24},"end":{"line":15,"column":42}},"2":{"start":{"line":17,"column":28},"end":{"line":97,"column":1}},"3":{"start":{"line":19,"column":36},"end":{"line":19,"column":51}},"4":{"start":{"line":20,"column":30},"end":{"line":20,"column":60}},"5":{"start":{"line":22,"column":21},"end":{"line":25,"column":3}},"6":{"start":{"line":23,"column":4},"end":{"line":23,"column":75}},"7":{"start":{"line":24,"column":4},"end":{"line":24,"column":26}},"8":{"start":{"line":27,"column":17},"end":{"line":27,"column":31}},"9":{"start":{"line":28,"column":2},"end":{"line":30,"column":3}},"10":{"start":{"line":29,"column":4},"end":{"line":29,"column":110}},"11":{"start":{"line":32,"column":2},"end":{"line":47,"column":74}},"12":{"start":{"line":33,"column":4},"end":{"line":37,"column":5}},"13":{"start":{"line":34,"column":6},"end":{"line":34,"column":108}},"14":{"start":{"line":36,"column":6},"end":{"line":36,"column":36}},"15":{"start":{"line":40,"column":29},"end":{"line":40,"column":88}},"16":{"start":{"line":41,"column":4},"end":{"line":43,"column":6}},"17":{"start":{"line":42,"column":6},"end":{"line":42,"column":25}},"18":{"start":{"line":44,"column":4},"end":{"line":46,"column":6}},"19":{"start":{"line":45,"column":6},"end":{"line":45,"column":24}},"20":{"start":{"line":49,"column":2},"end":{"line":96,"column":3}},"21":{"start":{"line":52,"column":70},"end":{"line":52,"column":110}},"22":{"start":{"line":63,"column":90},"end":{"line":63,"column":130}},"23":{"start":{"line":65,"column":90},"end":{"line":65,"column":130}},"24":{"start":{"line":99,"column":16},"end":{"line":184,"column":1}},"25":{"start":{"line":100,"column":34},"end":{"line":100,"column":44}},"26":{"start":{"line":101,"column":44},"end":{"line":101,"column":69}},"27":{"start":{"line":103,"column":23},"end":{"line":107,"column":3}},"28":{"start":{"line":104,"column":4},"end":{"line":104,"column":87}},"29":{"start":{"line":104,"column":65},"end":{"line":104,"column":85}},"30":{"start":{"line":105,"column":4},"end":{"line":105,"column":29}},"31":{"start":{"line":109,"column":23},"end":{"line":115,"column":3}},"32":{"start":{"line":110,"column":17},"end":{"line":110,"column":75}},"33":{"start":{"line":110,"column":56},"end":{"line":110,"column":74}},"34":{"start":{"line":111,"column":4},"end":{"line":111,"column":21}},"35":{"start":{"line":112,"column":19},"end":{"line":112,"column":89}},"36":{"start":{"line":112,"column":70},"end":{"line":112,"column":88}},"37":{"start":{"line":113,"column":4},"end":{"line":113,"column":28}},"38":{"start":{"line":117,"column":19},"end":{"line":120,"column":3}},"39":{"start":{"line":118,"column":4},"end":{"line":118,"column":36}},"40":{"start":{"line":119,"column":4},"end":{"line":119,"column":19}},"41":{"start":{"line":122,"column":22},"end":{"line":137,"column":3}},"42":{"start":{"line":123,"column":20},"end":{"line":123,"column":42}},"43":{"start":{"line":125,"column":4},"end":{"line":127,"column":5}},"44":{"start":{"line":126,"column":6},"end":{"line":126,"column":21}},"45":{"start":{"line":128,"column":4},"end":{"line":136,"column":5}},"46":{"start":{"line":129,"column":23},"end":{"line":129,"column":38}},"47":{"start":{"line":130,"column":6},"end":{"line":135,"column":7}},"48":{"start":{"line":130,"column":21},"end":{"line":130,"column":22}},"49":{"start":{"line":131,"column":8},"end":{"line":134,"column":9}},"50":{"start":{"line":132,"column":10},"end":{"line":132,"column":70}},"51":{"start":{"line":133,"column":10},"end":{"line":133,"column":33}},"52":{"start":{"line":139,"column":2},"end":{"line":144,"column":5}},"53":{"start":{"line":140,"column":18},"end":{"line":140,"column":28}},"54":{"start":{"line":141,"column":19},"end":{"line":141,"column":50}},"55":{"start":{"line":142,"column":26},"end":{"line":142,"column":44}},"56":{"start":{"line":143,"column":32},"end":{"line":143,"column":36}},"57":{"start":{"line":146,"column":2},"end":{"line":150,"column":30}},"58":{"start":{"line":147,"column":4},"end":{"line":149,"column":5}},"59":{"start":{"line":148,"column":6},"end":{"line":148,"column":21}},"60":{"start":{"line":152,"column":2},"end":{"line":183,"column":4}},"61":{"start":{"line":168,"column":50},"end":{"line":168,"column":183}}},"fnMap":{"0":{"name":"(anonymous_0)","decl":{"start":{"line":17,"column":28},"end":{"line":17,"column":29}},"loc":{"start":{"line":17,"column":39},"end":{"line":97,"column":1}},"line":17},"1":{"name":"(anonymous_1)","decl":{"start":{"line":22,"column":21},"end":{"line":22,"column":22}},"loc":{"start":{"line":22,"column":33},"end":{"line":25,"column":3}},"line":22},"2":{"name":"(anonymous_2)","decl":{"start":{"line":32,"column":12},"end":{"line":32,"column":13}},"loc":{"start":{"line":32,"column":18},"end":{"line":47,"column":3}},"line":32},"3":{"name":"(anonymous_3)","decl":{"start":{"line":41,"column":60},"end":{"line":41,"column":61}},"loc":{"start":{"line":41,"column":66},"end":{"line":43,"column":5}},"line":41},"4":{"name":"(anonymous_4)","decl":{"start":{"line":44,"column":61},"end":{"line":44,"column":62}},"loc":{"start":{"line":44,"column":67},"end":{"line":46,"column":5}},"line":44},"5":{"name":"(anonymous_5)","decl":{"start":{"line":52,"column":64},"end":{"line":52,"column":65}},"loc":{"start":{"line":52,"column":70},"end":{"line":52,"column":110}},"line":52},"6":{"name":"(anonymous_6)","decl":{"start":{"line":63,"column":84},"end":{"line":63,"column":85}},"loc":{"start":{"line":63,"column":90},"end":{"line":63,"column":130}},"line":63},"7":{"name":"(anonymous_7)","decl":{"start":{"line":65,"column":84},"end":{"line":65,"column":85}},"loc":{"start":{"line":65,"column":90},"end":{"line":65,"column":130}},"line":65},"8":{"name":"(anonymous_8)","decl":{"start":{"line":99,"column":16},"end":{"line":99,"column":17}},"loc":{"start":{"line":99,"column":22},"end":{"line":184,"column":1}},"line":99},"9":{"name":"(anonymous_9)","decl":{"start":{"line":103,"column":35},"end":{"line":103,"column":36}},"loc":{"start":{"line":103,"column":54},"end":{"line":106,"column":3}},"line":103},"10":{"name":"(anonymous_10)","decl":{"start":{"line":104,"column":54},"end":{"line":104,"column":55}},"loc":{"start":{"line":104,"column":65},"end":{"line":104,"column":85}},"line":104},"11":{"name":"(anonymous_11)","decl":{"start":{"line":109,"column":35},"end":{"line":109,"column":36}},"loc":{"start":{"line":109,"column":47},"end":{"line":114,"column":3}},"line":109},"12":{"name":"(anonymous_12)","decl":{"start":{"line":110,"column":47},"end":{"line":110,"column":48}},"loc":{"start":{"line":110,"column":56},"end":{"line":110,"column":74}},"line":110},"13":{"name":"(anonymous_13)","decl":{"start":{"line":112,"column":61},"end":{"line":112,"column":62}},"loc":{"start":{"line":112,"column":70},"end":{"line":112,"column":88}},"line":112},"14":{"name":"(anonymous_14)","decl":{"start":{"line":117,"column":19},"end":{"line":117,"column":20}},"loc":{"start":{"line":117,"column":25},"end":{"line":120,"column":3}},"line":117},"15":{"name":"(anonymous_15)","decl":{"start":{"line":122,"column":22},"end":{"line":122,"column":23}},"loc":{"start":{"line":122,"column":33},"end":{"line":137,"column":3}},"line":122},"16":{"name":"(anonymous_16)","decl":{"start":{"line":140,"column":12},"end":{"line":140,"column":13}},"loc":{"start":{"line":140,"column":18},"end":{"line":140,"column":28}},"line":140},"17":{"name":"(anonymous_17)","decl":{"start":{"line":141,"column":13},"end":{"line":141,"column":14}},"loc":{"start":{"line":141,"column":19},"end":{"line":141,"column":50}},"line":141},"18":{"name":"(anonymous_18)","decl":{"start":{"line":142,"column":15},"end":{"line":142,"column":16}},"loc":{"start":{"line":142,"column":26},"end":{"line":142,"column":44}},"line":142},"19":{"name":"(anonymous_19)","decl":{"start":{"line":143,"column":21},"end":{"line":143,"column":22}},"loc":{"start":{"line":143,"column":32},"end":{"line":143,"column":36}},"line":143},"20":{"name":"(anonymous_20)","decl":{"start":{"line":146,"column":12},"end":{"line":146,"column":13}},"loc":{"start":{"line":146,"column":18},"end":{"line":150,"column":3}},"line":146},"21":{"name":"(anonymous_21)","decl":{"start":{"line":168,"column":40},"end":{"line":168,"column":41}},"loc":{"start":{"line":168,"column":50},"end":{"line":168,"column":183}},"line":168}},"branchMap":{"0":{"loc":{"start":{"line":28,"column":2},"end":{"line":30,"column":3}},"type":"if","locations":[{"start":{"line":28,"column":2},"end":{"line":30,"column":3}},{"start":{},"end":{}}],"line":28},"1":{"loc":{"start":{"line":33,"column":4},"end":{"line":37,"column":5}},"type":"if","locations":[{"start":{"line":33,"column":4},"end":{"line":37,"column":5}},{"start":{"line":35,"column":11},"end":{"line":37,"column":5}}],"line":33},"2":{"loc":{"start":{"line":62,"column":14},"end":{"line":66,"column":15}},"type":"cond-expr","locations":[{"start":{"line":63,"column":16},"end":{"line":63,"column":144}},{"start":{"line":65,"column":16},"end":{"line":65,"column":146}}],"line":62},"3":{"loc":{"start":{"line":75,"column":65},"end":{"line":75,"column":89}},"type":"binary-expr","locations":[{"start":{"line":75,"column":65},"end":{"line":75,"column":74}},{"start":{"line":75,"column":78},"end":{"line":75,"column":89}}],"line":75},"4":{"loc":{"start":{"line":125,"column":4},"end":{"line":127,"column":5}},"type":"if","locations":[{"start":{"line":125,"column":4},"end":{"line":127,"column":5}},{"start":{},"end":{}}],"line":125},"5":{"loc":{"start":{"line":128,"column":4},"end":{"line":136,"column":5}},"type":"if","locations":[{"start":{"line":128,"column":4},"end":{"line":136,"column":5}},{"start":{},"end":{}}],"line":128},"6":{"loc":{"start":{"line":128,"column":8},"end":{"line":128,"column":71}},"type":"binary-expr","locations":[{"start":{"line":128,"column":8},"end":{"line":128,"column":38}},{"start":{"line":128,"column":42},"end":{"line":128,"column":49}},{"start":{"line":128,"column":53},"end":{"line":128,"column":71}}],"line":128},"7":{"loc":{"start":{"line":131,"column":8},"end":{"line":134,"column":9}},"type":"if","locations":[{"start":{"line":131,"column":8},"end":{"line":134,"column":9}},{"start":{},"end":{}}],"line":131},"8":{"loc":{"start":{"line":147,"column":4},"end":{"line":149,"column":5}},"type":"if","locations":[{"start":{"line":147,"column":4},"end":{"line":149,"column":5}},{"start":{},"end":{}}],"line":147},"9":{"loc":{"start":{"line":160,"column":7},"end":{"line":180,"column":7}},"type":"binary-expr","locations":[{"start":{"line":160,"column":7},"end":{"line":160,"column":14}},{"start":{"line":160,"column":18},"end":{"line":160,"column":36}},{"start":{"line":161,"column":6},"end":{"line":179,"column":9}}],"line":160},"10":{"loc":{"start":{"line":168,"column":17},"end":{"line":168,"column":184}},"type":"binary-expr","locations":[{"start":{"line":168,"column":17},"end":{"line":168,"column":24}},{"start":{"line":168,"column":28},"end":{"line":168,"column":184}}],"line":168}},"s":{"0":1,"1":1,"2":1,"3":21,"4":21,"5":21,"6":0,"7":0,"8":21,"9":21,"10":0,"11":21,"12":3,"13":0,"14":3,"15":3,"16":3,"17":0,"18":3,"19":0,"20":21,"21":3,"22":1,"23":2,"24":1,"25":10,"26":10,"27":10,"28":6,"29":0,"30":6,"31":10,"32":3,"33":0,"34":3,"35":3,"36":0,"37":3,"38":10,"39":1,"40":1,"41":10,"42":1,"43":1,"44":1,"45":1,"46":0,"47":0,"48":0,"49":0,"50":0,"51":0,"52":10,"53":1,"54":0,"55":1,"56":0,"57":10,"58":4,"59":1,"60":10,"61":24},"f":{"0":21,"1":0,"2":3,"3":0,"4":0,"5":3,"6":1,"7":2,"8":10,"9":6,"10":0,"11":3,"12":0,"13":0,"14":1,"15":1,"16":1,"17":0,"18":1,"19":0,"20":4,"21":24},"b":{"0":[0,21],"1":[0,3],"2":[7,14],"3":[21,21],"4":[1,0],"5":[0,1],"6":[1,0,0],"7":[0,0],"8":[1,3],"9":[10,8,8],"10":[8,8]},"_coverageSchema":"1a1c01bbd47fc00a2c39e90264f33305004495a9","hash":"c0b1910433721f613764fb9c1984a2388ed8740e"}
,"/opt/actions-runner/_work/PyDotBot/PyDotBot/dotbot/frontend/src/DotBotsMap.js": {"path":"/opt/actions-runner/_work/PyDotBot/PyDotBot/dotbot/frontend/src/DotBotsMap.js","statementMap":{"0":{"start":{"line":8,"column":24},"end":{"line":13,"column":1}},"1":{"start":{"line":15,"column":24},"end":{"line":32,"column":1}},"2":{"start":{"line":16,"column":17},"end":{"line":16,"column":31}},"3":{"start":{"line":17,"column":2},"end":{"line":19,"column":3}},"4":{"start":{"line":18,"column":4},"end":{"line":18,"column":110}},"5":{"start":{"line":21,"column":15},"end":{"line":21,"column":70}},"6":{"start":{"line":22,"column":15},"end":{"line":22,"column":70}},"7":{"start":{"line":24,"column":2},"end":{"line":31,"column":3}},"8":{"start":{"line":34,"column":26},"end":{"line":144,"column":1}},"9":{"start":{"line":36,"column":56},"end":{"line":36,"column":71}},"10":{"start":{"line":37,"column":52},"end":{"line":37,"column":71}},"11":{"start":{"line":38,"column":46},"end":{"line":38,"column":84}},"12":{"start":{"line":40,"column":32},"end":{"line":45,"column":3}},"13":{"start":{"line":41,"column":18},"end":{"line":41,"column":92}},"14":{"start":{"line":41,"column":71},"end":{"line":41,"column":91}},"15":{"start":{"line":42,"column":4},"end":{"line":42,"column":37}},"16":{"start":{"line":43,"column":4},"end":{"line":43,"column":32}},"17":{"start":{"line":47,"column":23},"end":{"line":52,"column":3}},"18":{"start":{"line":48,"column":27},"end":{"line":48,"column":48}},"19":{"start":{"line":49,"column":4},"end":{"line":49,"column":35}},"20":{"start":{"line":50,"column":4},"end":{"line":50,"column":39}},"21":{"start":{"line":51,"column":4},"end":{"line":51,"column":37}},"22":{"start":{"line":54,"column":27},"end":{"line":62,"column":3}},"23":{"start":{"line":55,"column":4},"end":{"line":61,"column":5}},"24":{"start":{"line":56,"column":6},"end":{"line":56,"column":53}},"25":{"start":{"line":57,"column":6},"end":{"line":57,"column":37}},"26":{"start":{"line":58,"column":11},"end":{"line":61,"column":5}},"27":{"start":{"line":59,"column":6},"end":{"line":59,"column":34}},"28":{"start":{"line":60,"column":6},"end":{"line":60,"column":31}},"29":{"start":{"line":64,"column":28},"end":{"line":66,"column":3}},"30":{"start":{"line":65,"column":4},"end":{"line":65,"column":44}},"31":{"start":{"line":68,"column":2},"end":{"line":75,"column":86}},"32":{"start":{"line":69,"column":4},"end":{"line":71,"column":5}},"33":{"start":{"line":70,"column":6},"end":{"line":70,"column":30}},"34":{"start":{"line":72,"column":4},"end":{"line":74,"column":5}},"35":{"start":{"line":72,"column":33},"end":{"line":72,"column":43}},"36":{"start":{"line":73,"column":6},"end":{"line":73,"column":35}},"37":{"start":{"line":77,"column":31},"end":{"line":77,"column":50}},"38":{"start":{"line":78,"column":31},"end":{"line":78,"column":44}},"39":{"start":{"line":79,"column":2},"end":{"line":87,"column":3}},"40":{"start":{"line":80,"column":4},"end":{"line":80,"column":154}},"41":{"start":{"line":81,"column":4},"end":{"line":81,"column":54}},"42":{"start":{"line":82,"column":9},"end":{"line":87,"column":3}},"43":{"start":{"line":83,"column":4},"end":{"line":83,"column":49}},"44":{"start":{"line":84,"column":4},"end":{"line":84,"column":43}},"45":{"start":{"line":85,"column":9},"end":{"line":87,"column":3}},"46":{"start":{"line":86,"column":4},"end":{"line":86,"column":50}},"47":{"start":{"line":89,"column":18},"end":{"line":89,"column":31}},"48":{"start":{"line":90,"column":19},"end":{"line":90,"column":37}},"49":{"start":{"line":91,"column":31},"end":{"line":91,"column":45}},"50":{"start":{"line":93,"column":2},"end":{"line":143,"column":3}},"51":{"start":{"line":113,"column":36},"end":{"line":113,"column":55}},"52":{"start":{"line":114,"column":33},"end":{"line":114,"column":135}},"53":{"start":{"line":120,"column":20},"end":{"line":120,"column":249}},"54":{"start":{"line":120,"column":192},"end":{"line":120,"column":211}}},"fnMap":{"0":{"name":"(anonymous_0)","decl":{"start":{"line":15,"column":24},"end":{"line":15,"column":25}},"loc":{"start":{"line":15,"column":35},"end":{"line":32,"column":1}},"line":15},"1":{"name":"(anonymous_1)","decl":{"start":{"line":34,"column":26},"end":{"line":34,"column":27}},"loc":{"start":{"line":34,"column":37},"end":{"line":144,"column":1}},"line":34},"2":{"name":"(anonymous_2)","decl":{"start":{"line":40,"column":44},"end":{"line":40,"column":45}},"loc":{"start":{"line":40,"column":56},"end":{"line":44,"column":3}},"line":40},"3":{"name":"(anonymous_3)","decl":{"start":{"line":41,"column":60},"end":{"line":41,"column":61}},"loc":{"start":{"line":41,"column":71},"end":{"line":41,"column":91}},"line":41},"4":{"name":"(anonymous_4)","decl":{"start":{"line":47,"column":23},"end":{"line":47,"column":24}},"loc":{"start":{"line":47,"column":34},"end":{"line":52,"column":3}},"line":47},"5":{"name":"(anonymous_5)","decl":{"start":{"line":54,"column":27},"end":{"line":54,"column":28}},"loc":{"start":{"line":54,"column":33},"end":{"line":62,"column":3}},"line":54},"6":{"name":"(anonymous_6)","decl":{"start":{"line":64,"column":28},"end":{"line":64,"column":29}},"loc":{"start":{"line":64,"column":44},"end":{"line":66,"column":3}},"line":64},"7":{"name":"(anonymous_7)","decl":{"start":{"line":68,"column":12},"end":{"line":68,"column":13}},"loc":{"start":{"line":68,"column":18},"end":{"line":75,"column":3}},"line":68},"8":{"name":"(anonymous_8)","decl":{"start":{"line":72,"column":28},"end":{"line":72,"column":29}},"loc":{"start":{"line":72,"column":33},"end":{"line":72,"column":43}},"line":72},"9":{"name":"(anonymous_9)","decl":{"start":{"line":113,"column":26},"end":{"line":113,"column":27}},"loc":{"start":{"line":113,"column":36},"end":{"line":113,"column":55}},"line":113},"10":{"name":"(anonymous_10)","decl":{"start":{"line":114,"column":23},"end":{"line":114,"column":24}},"loc":{"start":{"line":114,"column":33},"end":{"line":114,"column":135}},"line":114},"11":{"name":"(anonymous_11)","decl":{"start":{"line":119,"column":39},"end":{"line":119,"column":40}},"loc":{"start":{"line":120,"column":20},"end":{"line":120,"column":249}},"line":120},"12":{"name":"(anonymous_12)","decl":{"start":{"line":120,"column":186},"end":{"line":120,"column":187}},"loc":{"start":{"line":120,"column":192},"end":{"line":120,"column":211}},"line":120}},"branchMap":{"0":{"loc":{"start":{"line":17,"column":2},"end":{"line":19,"column":3}},"type":"if","locations":[{"start":{"line":17,"column":2},"end":{"line":19,"column":3}},{"start":{},"end":{}}],"line":17},"1":{"loc":{"start":{"line":26,"column":6},"end":{"line":27,"column":85}},"type":"binary-expr","locations":[{"start":{"line":26,"column":7},"end":{"line":26,"column":44}},{"start":{"line":27,"column":6},"end":{"line":27,"column":85}}],"line":26},"2":{"loc":{"start":{"line":29,"column":35},"end":{"line":29,"column":79}},"type":"cond-expr","locations":[{"start":{"line":29,"column":75},"end":{"line":29,"column":76}},{"start":{"line":29,"column":78},"end":{"line":29,"column":79}}],"line":29},"3":{"loc":{"start":{"line":55,"column":4},"end":{"line":61,"column":5}},"type":"if","locations":[{"start":{"line":55,"column":4},"end":{"line":61,"column":5}},{"start":{"line":58,"column":11},"end":{"line":61,"column":5}}],"line":55},"4":{"loc":{"start":{"line":58,"column":11},"end":{"line":61,"column":5}},"type":"if","locations":[{"start":{"line":58,"column":11},"end":{"line":61,"column":5}},{"start":{},"end":{}}],"line":58},"5":{"loc":{"start":{"line":69,"column":4},"end":{"line":71,"column":5}},"type":"if","locations":[{"start":{"line":69,"column":4},"end":{"line":71,"column":5}},{"start":{},"end":{}}],"line":69},"6":{"loc":{"start":{"line":72,"column":4},"end":{"line":74,"column":5}},"type":"if","locations":[{"start":{"line":72,"column":4},"end":{"line":74,"column":5}},{"start":{},"end":{}}],"line":72},"7":{"loc":{"start":{"line":79,"column":2},"end":{"line":87,"column":3}},"type":"if","locations":[{"start":{"line":79,"column":2},"end":{"line":87,"column":3}},{"start":{"line":82,"column":9},"end":{"line":87,"column":3}}],"line":79},"8":{"loc":{"start":{"line":82,"column":9},"end":{"line":87,"column":3}},"type":"if","locations":[{"start":{"line":82,"column":9},"end":{"line":87,"column":3}},{"start":{"line":85,"column":9},"end":{"line":87,"column":3}}],"line":82},"9":{"loc":{"start":{"line":85,"column":9},"end":{"line":87,"column":3}},"type":"if","locations":[{"start":{"line":85,"column":9},"end":{"line":87,"column":3}},{"start":{},"end":{}}],"line":85},"10":{"loc":{"start":{"line":94,"column":23},"end":{"line":94,"column":90}},"type":"cond-expr","locations":[{"start":{"line":94,"column":67},"end":{"line":94,"column":76}},{"start":{"line":94,"column":79},"end":{"line":94,"column":90}}],"line":94},"11":{"loc":{"start":{"line":94,"column":23},"end":{"line":94,"column":64}},"type":"binary-expr","locations":[{"start":{"line":94,"column":23},"end":{"line":94,"column":36}},{"start":{"line":94,"column":40},"end":{"line":94,"column":64}}],"line":94},"12":{"loc":{"start":{"line":112,"column":16},"end":{"line":114,"column":136}},"type":"binary-expr","locations":[{"start":{"line":112,"column":16},"end":{"line":112,"column":29}},{"start":{"line":112,"column":33},"end":{"line":114,"column":136}}],"line":112},"13":{"loc":{"start":{"line":117,"column":16},"end":{"line":123,"column":17}},"type":"binary-expr","locations":[{"start":{"line":117,"column":16},"end":{"line":117,"column":63}},{"start":{"line":118,"column":18},"end":{"line":122,"column":21}}],"line":117},"14":{"loc":{"start":{"line":120,"column":136},"end":{"line":120,"column":175}},"type":"cond-expr","locations":[{"start":{"line":120,"column":159},"end":{"line":120,"column":166}},{"start":{"line":120,"column":169},"end":{"line":120,"column":175}}],"line":120},"15":{"loc":{"start":{"line":134,"column":7},"end":{"line":141,"column":7}},"type":"binary-expr","locations":[{"start":{"line":134,"column":7},"end":{"line":134,"column":37}},{"start":{"line":135,"column":6},"end":{"line":140,"column":12}}],"line":134}},"s":{"0":1,"1":1,"2":14,"3":14,"4":0,"5":14,"6":14,"7":14,"8":1,"9":7,"10":7,"11":7,"12":7,"13":1,"14":0,"15":1,"16":1,"17":7,"18":0,"19":0,"20":0,"21":0,"22":7,"23":0,"24":0,"25":0,"26":0,"27":0,"28":0,"29":7,"30":0,"31":7,"32":2,"33":1,"34":2,"35":2,"36":0,"37":7,"38":7,"39":7,"40":0,"41":0,"42":7,"43":0,"44":0,"45":7,"46":5,"47":7,"48":7,"49":7,"50":7,"51":21,"52":14,"53":0,"54":0},"f":{"0":14,"1":7,"2":1,"3":0,"4":0,"5":0,"6":0,"7":2,"8":2,"9":21,"10":14,"11":0,"12":0},"b":{"0":[0,14],"1":[14,4],"2":[4,10],"3":[0,0],"4":[0,0],"5":[1,1],"6":[0,2],"7":[0,7],"8":[0,7],"9":[5,2],"10":[7,0],"11":[7,7],"12":[7,7],"13":[7,0],"14":[0,0],"15":[7,0]},"_coverageSchema":"1a1c01bbd47fc00a2c39e90264f33305004495a9","hash":"6fd3ffd5f43e2a2592591199292c572669dcdaa8"}
,"/opt/actions-runner/_work/PyDotBot/PyDotBot/dotbot/frontend/src/Joystick.js": {"path":"/opt/actions-runner/_work/PyDotBot/PyDotBot/dotbot/frontend/src/Joystick.js","statementMap":{"0":{"start":{"line":11,"column":20},"end":{"line":11,"column":22}},"1":{"start":{"line":14,"column":24},"end":{"line":98,"column":1}},"2":{"start":{"line":15,"column":28},"end":{"line":15,"column":77}},"3":{"start":{"line":17,"column":26},"end":{"line":17,"column":59}},"4":{"start":{"line":17,"column":43},"end":{"line":17,"column":57}},"5":{"start":{"line":19,"column":15},"end":{"line":31,"column":4}},"6":{"start":{"line":20,"column":19},"end":{"line":20,"column":63}},"7":{"start":{"line":21,"column":4},"end":{"line":23,"column":5}},"8":{"start":{"line":22,"column":6},"end":{"line":22,"column":13}},"9":{"start":{"line":24,"column":17},"end":{"line":24,"column":33}},"10":{"start":{"line":25,"column":4},"end":{"line":25,"column":49}},"11":{"start":{"line":26,"column":4},"end":{"line":26,"column":71}},"12":{"start":{"line":28,"column":4},"end":{"line":30,"column":5}},"13":{"start":{"line":29,"column":6},"end":{"line":29,"column":85}},"14":{"start":{"line":29,"column":65},"end":{"line":29,"column":83}},"15":{"start":{"line":33,"column":23},"end":{"line":69,"column":3}},"16":{"start":{"line":34,"column":16},"end":{"line":34,"column":51}},"17":{"start":{"line":35,"column":18},"end":{"line":35,"column":53}},"18":{"start":{"line":37,"column":21},"end":{"line":37,"column":32}},"19":{"start":{"line":38,"column":22},"end":{"line":38,"column":33}},"20":{"start":{"line":41,"column":4},"end":{"line":43,"column":5}},"21":{"start":{"line":42,"column":6},"end":{"line":42,"column":31}},"22":{"start":{"line":44,"column":4},"end":{"line":46,"column":5}},"23":{"start":{"line":45,"column":6},"end":{"line":45,"column":32}},"24":{"start":{"line":47,"column":4},"end":{"line":49,"column":5}},"25":{"start":{"line":48,"column":6},"end":{"line":48,"column":31}},"26":{"start":{"line":50,"column":4},"end":{"line":52,"column":5}},"27":{"start":{"line":51,"column":6},"end":{"line":51,"column":32}},"28":{"start":{"line":55,"column":4},"end":{"line":57,"column":5}},"29":{"start":{"line":56,"column":6},"end":{"line":56,"column":22}},"30":{"start":{"line":58,"column":4},"end":{"line":60,"column":5}},"31":{"start":{"line":59,"column":6},"end":{"line":59,"column":23}},"32":{"start":{"line":61,"column":4},"end":{"line":63,"column":5}},"33":{"start":{"line":62,"column":6},"end":{"line":62,"column":23}},"34":{"start":{"line":64,"column":4},"end":{"line":66,"column":5}},"35":{"start":{"line":65,"column":6},"end":{"line":65,"column":24}},"36":{"start":{"line":68,"column":4},"end":{"line":68,"column":50}},"37":{"start":{"line":71,"column":2},"end":{"line":74,"column":32}},"38":{"start":{"line":72,"column":19},"end":{"line":72,"column":33}},"39":{"start":{"line":73,"column":4},"end":{"line":73,"column":104}},"40":{"start":{"line":73,"column":84},"end":{"line":73,"column":102}},"41":{"start":{"line":76,"column":2},"end":{"line":97,"column":3}}},"fnMap":{"0":{"name":"(anonymous_0)","decl":{"start":{"line":14,"column":24},"end":{"line":14,"column":25}},"loc":{"start":{"line":14,"column":35},"end":{"line":98,"column":1}},"line":14},"1":{"name":"(anonymous_1)","decl":{"start":{"line":17,"column":36},"end":{"line":17,"column":37}},"loc":{"start":{"line":17,"column":43},"end":{"line":17,"column":57}},"line":17},"2":{"name":"(anonymous_2)","decl":{"start":{"line":19,"column":23},"end":{"line":19,"column":24}},"loc":{"start":{"line":19,"column":65},"end":{"line":31,"column":3}},"line":19},"3":{"name":"(anonymous_3)","decl":{"start":{"line":29,"column":56},"end":{"line":29,"column":57}},"loc":{"start":{"line":29,"column":65},"end":{"line":29,"column":83}},"line":29},"4":{"name":"(anonymous_4)","decl":{"start":{"line":33,"column":23},"end":{"line":33,"column":24}},"loc":{"start":{"line":33,"column":29},"end":{"line":69,"column":3}},"line":33},"5":{"name":"(anonymous_5)","decl":{"start":{"line":71,"column":14},"end":{"line":71,"column":15}},"loc":{"start":{"line":71,"column":26},"end":{"line":74,"column":3}},"line":71},"6":{"name":"(anonymous_6)","decl":{"start":{"line":73,"column":75},"end":{"line":73,"column":76}},"loc":{"start":{"line":73,"column":84},"end":{"line":73,"column":102}},"line":73}},"branchMap":{"0":{"loc":{"start":{"line":21,"column":4},"end":{"line":23,"column":5}},"type":"if","locations":[{"start":{"line":21,"column":4},"end":{"line":23,"column":5}},{"start":{},"end":{}}],"line":21},"1":{"loc":{"start":{"line":21,"column":8},"end":{"line":21,"column":32}},"type":"binary-expr","locations":[{"start":{"line":21,"column":8},"end":{"line":21,"column":14}},{"start":{"line":21,"column":18},"end":{"line":21,"column":32}}],"line":21},"2":{"loc":{"start":{"line":26,"column":13},"end":{"line":26,"column":28}},"type":"cond-expr","locations":[{"start":{"line":26,"column":22},"end":{"line":26,"column":24}},{"start":{"line":26,"column":27},"end":{"line":26,"column":28}}],"line":26},"3":{"loc":{"start":{"line":26,"column":33},"end":{"line":26,"column":48}},"type":"cond-expr","locations":[{"start":{"line":26,"column":42},"end":{"line":26,"column":44}},{"start":{"line":26,"column":47},"end":{"line":26,"column":48}}],"line":26},"4":{"loc":{"start":{"line":28,"column":4},"end":{"line":30,"column":5}},"type":"if","locations":[{"start":{"line":28,"column":4},"end":{"line":30,"column":5}},{"start":{},"end":{}}],"line":28},"5":{"loc":{"start":{"line":41,"column":4},"end":{"line":43,"column":5}},"type":"if","locations":[{"start":{"line":41,"column":4},"end":{"line":43,"column":5}},{"start":{},"end":{}}],"line":41},"6":{"loc":{"start":{"line":44,"column":4},"end":{"line":46,"column":5}},"type":"if","locations":[{"start":{"line":44,"column":4},"end":{"line":46,"column":5}},{"start":{},"end":{}}],"line":44},"7":{"loc":{"start":{"line":47,"column":4},"end":{"line":49,"column":5}},"type":"if","locations":[{"start":{"line":47,"column":4},"end":{"line":49,"column":5}},{"start":{},"end":{}}],"line":47},"8":{"loc":{"start":{"line":50,"column":4},"end":{"line":52,"column":5}},"type":"if","locations":[{"start":{"line":50,"column":4},"end":{"line":52,"column":5}},{"start":{},"end":{}}],"line":50},"9":{"loc":{"start":{"line":55,"column":4},"end":{"line":57,"column":5}},"type":"if","locations":[{"start":{"line":55,"column":4},"end":{"line":57,"column":5}},{"start":{},"end":{}}],"line":55},"10":{"loc":{"start":{"line":58,"column":4},"end":{"line":60,"column":5}},"type":"if","locations":[{"start":{"line":58,"column":4},"end":{"line":60,"column":5}},{"start":{},"end":{}}],"line":58},"11":{"loc":{"start":{"line":61,"column":4},"end":{"line":63,"column":5}},"type":"if","locations":[{"start":{"line":61,"column":4},"end":{"line":63,"column":5}},{"start":{},"end":{}}],"line":61},"12":{"loc":{"start":{"line":64,"column":4},"end":{"line":66,"column":5}},"type":"if","locations":[{"start":{"line":64,"column":4},"end":{"line":66,"column":5}},{"start":{},"end":{}}],"line":64},"13":{"loc":{"start":{"line":74,"column":5},"end":{"line":74,"column":30}},"type":"cond-expr","locations":[{"start":{"line":74,"column":20},"end":{"line":74,"column":23}},{"start":{"line":74,"column":26},"end":{"line":74,"column":30}}],"line":74}},"s":{"0":2,"1":2,"2":22,"3":22,"4":4,"5":22,"6":0,"7":0,"8":0,"9":0,"10":0,"11":0,"12":0,"13":0,"14":0,"15":22,"16":0,"17":0,"18":0,"19":0,"20":0,"21":0,"22":0,"23":0,"24":0,"25":0,"26":0,"27":0,"28":0,"29":0,"30":0,"31":0,"32":0,"33":0,"34":0,"35":0,"36":0,"37":22,"38":0,"39":0,"40":0,"41":22},"f":{"0":22,"1":4,"2":0,"3":0,"4":0,"5":0,"6":0},"b":{"0":[0,0],"1":[0,0],"2":[0,0],"3":[0,0],"4":[0,0],"5":[0,0],"6":[0,0],"7":[0,0],"8":[0,0],"9":[0,0],"10":[0,0],"11":[0,0],"12":[0,0],"13":[0,22]},"_coverageSchema":"1a1c01bbd47fc00a2c39e90264f33305004495a9","hash":"70ea5fb0b4edf869338cf2ac7b8c2a2bfd5aee34"}
,"/opt/actions-runner/_work/PyDotBot/PyDotBot/dotbot/frontend/src/index.js": {"path":"/opt/actions-runner/_work/PyDotBot/PyDotBot/dotbot/frontend/src/index.js","statementMap":{"0":{"start":{"line":9,"column":13},"end":{"line":9,"column":68}},"1":{"start":{"line":10,"column":0},"end":{"line":14,"column":2}}},"fnMap":{},"branchMap":{},"s":{"0":0,"1":0},"f":{},"b":{}}
,"/opt/actions-runner/_work/PyDotBot/PyDotBot/dotbot/frontend/src/rest.js": {"path":"/opt/actions-runner/_work/PyDotBot/PyDotBot/dotbot/frontend/src/rest.js","statementMap":{"0":{"start":{"line":3,"column":44},"end":{"line":9,"column":1}},"1":{"start":{"line":4,"column":2},"end":{"line":8,"column":4}},"2":{"start":{"line":11,"column":31},"end":{"line":15,"column":1}},"3":{"start":{"line":12,"column":2},"end":{"line":14,"column":26}},"4":{"start":{"line":14,"column":16},"end":{"line":14,"column":24}},"5":{"start":{"line":17,"column":30},"end":{"line":21,"column":3}},"6":{"start":{"line":18,"column":4},"end":{"line":20,"column":28}},"7":{"start":{"line":20,"column":18},"end":{"line":20,"column":26}},"8":{"start":{"line":23,"column":43},"end":{"line":27,"column":1}},"9":{"start":{"line":24,"column":2},"end":{"line":26,"column":34}},"10":{"start":{"line":26,"column":16},"end":{"line":26,"column":32}},"11":{"start":{"line":29,"column":32},"end":{"line":36,"column":1}},"12":{"start":{"line":30,"column":18},"end":{"line":30,"column":73}},"13":{"start":{"line":31,"column":2},"end":{"line":35,"column":4}},"14":{"start":{"line":38,"column":31},"end":{"line":45,"column":1}},"15":{"start":{"line":39,"column":18},"end":{"line":39,"column":56}},"16":{"start":{"line":40,"column":2},"end":{"line":44,"column":4}},"17":{"start":{"line":47,"column":43},"end":{"line":51,"column":1}},"18":{"start":{"line":48,"column":2},"end":{"line":50,"column":26}},"19":{"start":{"line":50,"column":16},"end":{"line":50,"column":24}},"20":{"start":{"line":53,"column":38},"end":{"line":57,"column":1}},"21":{"start":{"line":54,"column":2},"end":{"line":56,"column":4}},"22":{"start":{"line":59,"column":41},"end":{"line":63,"column":1}},"23":{"start":{"line":60,"column":2},"end":{"line":62,"column":4}}},"fnMap":{"0":{"name":"(anonymous_0)","decl":{"start":{"line":3,"column":44},"end":{"line":3,"column":45}},"loc":{"start":{"line":3,"column":63},"end":{"line":9,"column":1}},"line":3},"1":{"name":"(anonymous_1)","decl":{"start":{"line":11,"column":31},"end":{"line":11,"column":32}},"loc":{"start":{"line":11,"column":43},"end":{"line":15,"column":1}},"line":11},"2":{"name":"(anonymous_2)","decl":{"start":{"line":14,"column":9},"end":{"line":14,"column":10}},"loc":{"start":{"line":14,"column":16},"end":{"line":14,"column":24}},"line":14},"3":{"name":"(anonymous_3)","decl":{"start":{"line":17,"column":30},"end":{"line":17,"column":31}},"loc":{"start":{"line":17,"column":49},"end":{"line":21,"column":3}},"line":17},"4":{"name":"(anonymous_4)","decl":{"start":{"line":20,"column":11},"end":{"line":20,"column":12}},"loc":{"start":{"line":20,"column":18},"end":{"line":20,"column":26}},"line":20},"5":{"name":"(anonymous_5)","decl":{"start":{"line":23,"column":43},"end":{"line":23,"column":44}},"loc":{"start":{"line":23,"column":55},"end":{"line":27,"column":1}},"line":23},"6":{"name":"(anonymous_6)","decl":{"start":{"line":26,"column":9},"end":{"line":26,"column":10}},"loc":{"start":{"line":26,"column":16},"end":{"line":26,"column":32}},"line":26},"7":{"name":"(anonymous_7)","decl":{"start":{"line":29,"column":32},"end":{"line":29,"column":33}},"loc":{"start":{"line":29,"column":64},"end":{"line":36,"column":1}},"line":29},"8":{"name":"(anonymous_8)","decl":{"start":{"line":38,"column":31},"end":{"line":38,"column":32}},"loc":{"start":{"line":38,"column":68},"end":{"line":45,"column":1}},"line":38},"9":{"name":"(anonymous_9)","decl":{"start":{"line":47,"column":43},"end":{"line":47,"column":44}},"loc":{"start":{"line":47,"column":55},"end":{"line":51,"column":1}},"line":47},"10":{"name":"(anonymous_10)","decl":{"start":{"line":50,"column":9},"end":{"line":50,"column":10}},"loc":{"start":{"line":50,"column":16},"end":{"line":50,"column":24}},"line":50},"11":{"name":"(anonymous_11)","decl":{"start":{"line":53,"column":38},"end":{"line":53,"column":39}},"loc":{"start":{"line":53,"column":50},"end":{"line":57,"column":1}},"line":53},"12":{"name":"(anonymous_12)","decl":{"start":{"line":59,"column":41},"end":{"line":59,"column":42}},"loc":{"start":{"line":59,"column":58},"end":{"line":63,"column":1}},"line":59}},"branchMap":{},"s":{"0":2,"1":6,"2":2,"3":3,"4":3,"5":2,"6":0,"7":0,"8":2,"9":3,"10":3,"11":2,"12":0,"13":0,"14":2,"15":0,"16":0,"17":2,"18":1,"19":1,"20":2,"21":0,"22":2,"23":0},"f":{"0":6,"1":3,"2":3,"3":0,"4":0,"5":3,"6":3,"7":0,"8":0,"9":1,"10":1,"11":0,"12":0},"b":{},"_coverageSchema":"1a1c01bbd47fc00a2c39e90264f33305004495a9","hash":"5287eccfe00f9fe31c5cf0e41916e9c9fd98667f"}
}
